[2025-09-02T07:41:16.964+0000] {local_task_job_runner.py:120} INFO - ::group::Pre task execution logs
[2025-09-02T07:41:17.000+0000] {taskinstance.py:2076} INFO - Dependencies all met for dep_context=non-requeueable deps ti=<TaskInstance: tfm_weekly_pipeline.score scheduled__2025-08-26T01:00:00+00:00 [queued]>
[2025-09-02T07:41:17.011+0000] {taskinstance.py:2076} INFO - Dependencies all met for dep_context=requeueable deps ti=<TaskInstance: tfm_weekly_pipeline.score scheduled__2025-08-26T01:00:00+00:00 [queued]>
[2025-09-02T07:41:17.012+0000] {taskinstance.py:2306} INFO - Starting attempt 2 of 2
[2025-09-02T07:41:17.029+0000] {taskinstance.py:2330} INFO - Executing <Task(_PythonDecoratedOperator): score> on 2025-08-26 01:00:00+00:00
[2025-09-02T07:41:17.036+0000] {standard_task_runner.py:63} INFO - Started process 6419 to run task
[2025-09-02T07:41:17.040+0000] {standard_task_runner.py:90} INFO - Running: ['***', 'tasks', 'run', 'tfm_weekly_pipeline', 'score', 'scheduled__2025-08-26T01:00:00+00:00', '--job-id', '59', '--raw', '--subdir', 'DAGS_FOLDER/tfm_market_value_dag.py', '--cfg-path', '/tmp/tmpdco1fgpl']
[2025-09-02T07:41:17.044+0000] {standard_task_runner.py:91} INFO - Job 59: Subtask score
[2025-09-02T07:41:17.115+0000] {task_command.py:426} INFO - Running <TaskInstance: tfm_weekly_pipeline.score scheduled__2025-08-26T01:00:00+00:00 [running]> on host 1cf97d3f0dcd
[2025-09-02T07:41:17.230+0000] {taskinstance.py:2648} INFO - Exporting env vars: AIRFLOW_CTX_DAG_OWNER='tfm' AIRFLOW_CTX_DAG_ID='tfm_weekly_pipeline' AIRFLOW_CTX_TASK_ID='score' AIRFLOW_CTX_EXECUTION_DATE='2025-08-26T01:00:00+00:00' AIRFLOW_CTX_TRY_NUMBER='2' AIRFLOW_CTX_DAG_RUN_ID='scheduled__2025-08-26T01:00:00+00:00'
[2025-09-02T07:41:17.231+0000] {taskinstance.py:430} INFO - ::endgroup::
[2025-09-02T07:41:22.932+0000] {logging_mixin.py:188} INFO - cargando dataset...
[2025-09-02T07:41:28.374+0000] {logging_mixin.py:188} INFO - calcular penalty_score...
[2025-09-02T07:41:29.961+0000] {logging_mixin.py:188} INFO - calcular performance_score...
[2025-09-02T07:41:33.716+0000] {taskinstance.py:441} INFO - ::group::Post task execution logs
[2025-09-02T07:41:33.717+0000] {taskinstance.py:2905} ERROR - Task failed with exception
Traceback (most recent call last):
  File "/home/airflow/.local/lib/python3.11/site-packages/airflow/models/taskinstance.py", line 465, in _execute_task
    result = _execute_callable(context=context, **execute_callable_kwargs)
             ^^^^^^^^^^^^^^^^^^^^^^^^^^^^^^^^^^^^^^^^^^^^^^^^^^^^^^^^^^^^^
  File "/home/airflow/.local/lib/python3.11/site-packages/airflow/models/taskinstance.py", line 432, in _execute_callable
    return execute_callable(context=context, **execute_callable_kwargs)
           ^^^^^^^^^^^^^^^^^^^^^^^^^^^^^^^^^^^^^^^^^^^^^^^^^^^^^^^^^^^^
  File "/home/airflow/.local/lib/python3.11/site-packages/airflow/models/baseoperator.py", line 401, in wrapper
    return func(self, *args, **kwargs)
           ^^^^^^^^^^^^^^^^^^^^^^^^^^^
  File "/home/airflow/.local/lib/python3.11/site-packages/airflow/decorators/base.py", line 265, in execute
    return_value = super().execute(context)
                   ^^^^^^^^^^^^^^^^^^^^^^^^
  File "/home/airflow/.local/lib/python3.11/site-packages/airflow/models/baseoperator.py", line 401, in wrapper
    return func(self, *args, **kwargs)
           ^^^^^^^^^^^^^^^^^^^^^^^^^^^
  File "/home/airflow/.local/lib/python3.11/site-packages/airflow/operators/python.py", line 235, in execute
    return_value = self.execute_callable()
                   ^^^^^^^^^^^^^^^^^^^^^^^
  File "/home/airflow/.local/lib/python3.11/site-packages/airflow/operators/python.py", line 252, in execute_callable
    return self.python_callable(*self.op_args, **self.op_kwargs)
           ^^^^^^^^^^^^^^^^^^^^^^^^^^^^^^^^^^^^^^^^^^^^^^^^^^^^^
  File "/opt/airflow/dags/tfm_market_value_dag.py", line 68, in score
    return spark_compute_scores(
           ^^^^^^^^^^^^^^^^^^^^^
  File "/opt/airflow/repo/scripts/pipeline_api.py", line 45, in spark_compute_scores
    calcular(input=inp, output=out)
  File "/opt/airflow/repo/spark_pipeline/scoring_utils.py", line 280, in calcular
    df = calcular_performance_score_con_pesos(df)
         ^^^^^^^^^^^^^^^^^^^^^^^^^^^^^^^^^^^^^^^^
  File "/opt/airflow/repo/spark_pipeline/scoring_utils.py", line 218, in calcular_performance_score_con_pesos
    scored_df = procesar_posicion_x_temporada(df, pos, metric_weight_tuples)
                ^^^^^^^^^^^^^^^^^^^^^^^^^^^^^^^^^^^^^^^^^^^^^^^^^^^^^^^^^^^^
  File "/opt/airflow/repo/spark_pipeline/scoring_utils.py", line 183, in procesar_posicion_x_temporada
    df_season = assembler.transform(df_season)
                ^^^^^^^^^^^^^^^^^^^^^^^^^^^^^^
  File "/home/airflow/.local/lib/python3.11/site-packages/pyspark/ml/base.py", line 262, in transform
    return self._transform(dataset)
           ^^^^^^^^^^^^^^^^^^^^^^^^
  File "/home/airflow/.local/lib/python3.11/site-packages/pyspark/ml/wrapper.py", line 398, in _transform
    return DataFrame(self._java_obj.transform(dataset._jdf), dataset.sparkSession)
                     ^^^^^^^^^^^^^^^^^^^^^^^^^^^^^^^^^^^^^^
  File "/home/airflow/.local/lib/python3.11/site-packages/py4j/java_gateway.py", line 1322, in __call__
    return_value = get_return_value(
                   ^^^^^^^^^^^^^^^^^
  File "/home/airflow/.local/lib/python3.11/site-packages/pyspark/errors/exceptions/captured.py", line 185, in deco
    raise converted from None
pyspark.errors.exceptions.captured.IllegalArgumentException: Data type string of column Pass_cmp% is not supported.
Data type string of column Save% is not supported.
Data type string of column CS% is not supported.
Data type string of column Launch% is not supported.
[2025-09-02T07:41:33.746+0000] {taskinstance.py:1206} INFO - Marking task as FAILED. dag_id=tfm_weekly_pipeline, task_id=score, run_id=scheduled__2025-08-26T01:00:00+00:00, execution_date=20250826T010000, start_date=20250902T074117, end_date=20250902T074133
[2025-09-02T07:41:33.762+0000] {standard_task_runner.py:110} ERROR - Failed to execute job 59 for task score (Data type string of column Pass_cmp% is not supported.
Data type string of column Save% is not supported.
Data type string of column CS% is not supported.
Data type string of column Launch% is not supported.; 6419)
[2025-09-02T07:41:33.781+0000] {local_task_job_runner.py:240} INFO - Task exited with return code 1
[2025-09-02T07:41:33.813+0000] {taskinstance.py:3503} INFO - 0 downstream tasks scheduled from follow-on schedule check
[2025-09-02T07:41:33.819+0000] {local_task_job_runner.py:222} INFO - ::endgroup::
