[2025-09-13T13:20:06.891+0000] {local_task_job_runner.py:120} INFO - ::group::Pre task execution logs
[2025-09-13T13:20:06.950+0000] {taskinstance.py:2076} INFO - Dependencies all met for dep_context=non-requeueable deps ti=<TaskInstance: tfm_weekly_pipeline.merge __airflow_temporary_run_2025-09-13T13:19:49.187661+00:00__ [queued]>
[2025-09-13T13:20:06.966+0000] {taskinstance.py:2076} INFO - Dependencies all met for dep_context=requeueable deps ti=<TaskInstance: tfm_weekly_pipeline.merge __airflow_temporary_run_2025-09-13T13:19:49.187661+00:00__ [queued]>
[2025-09-13T13:20:06.968+0000] {taskinstance.py:2306} INFO - Starting attempt 1 of 2
[2025-09-13T13:20:06.997+0000] {taskinstance.py:2330} INFO - Executing <Task(_PythonDecoratedOperator): merge> on 2025-09-13 01:00:00+00:00
[2025-09-13T13:20:07.006+0000] {standard_task_runner.py:63} INFO - Started process 190 to run task
[2025-09-13T13:20:07.014+0000] {standard_task_runner.py:90} INFO - Running: ['***', 'tasks', 'run', 'tfm_weekly_pipeline', 'merge', '__***_temporary_run_2025-09-13T13:19:49.187661+00:00__', '--job-id', '111', '--raw', '--subdir', 'DAGS_FOLDER/tfm_market_value_dag.py', '--cfg-path', '/tmp/tmpmq5_61n7']
[2025-09-13T13:20:07.020+0000] {standard_task_runner.py:91} INFO - Job 111: Subtask merge
[2025-09-13T13:20:07.125+0000] {task_command.py:426} INFO - Running <TaskInstance: tfm_weekly_pipeline.merge __airflow_temporary_run_2025-09-13T13:19:49.187661+00:00__ [running]> on host 51a18b7a61c3
[2025-09-13T13:20:07.326+0000] {taskinstance.py:2648} INFO - Exporting env vars: AIRFLOW_CTX_DAG_OWNER='tfm' AIRFLOW_CTX_DAG_ID='tfm_weekly_pipeline' AIRFLOW_CTX_TASK_ID='merge' AIRFLOW_CTX_EXECUTION_DATE='2025-09-13T01:00:00+00:00' AIRFLOW_CTX_TRY_NUMBER='1' AIRFLOW_CTX_DAG_RUN_ID='__***_temporary_run_2025-09-13T13:19:49.187661+00:00__'
[2025-09-13T13:20:07.328+0000] {taskinstance.py:430} INFO - ::endgroup::
[2025-09-13T13:20:15.831+0000] {logging_mixin.py:188} INFO - Uniendo los datasets...
[2025-09-13T13:20:27.279+0000] {local_task_job_runner.py:310} WARNING - State of this instance has been externally set to None. Terminating instance.
[2025-09-13T13:20:27.285+0000] {local_task_job_runner.py:222} INFO - ::endgroup::
[2025-09-13T13:20:27.299+0000] {process_utils.py:132} INFO - Sending 15 to group 190. PIDs of all processes in the group: [193, 190]
[2025-09-13T13:20:27.301+0000] {process_utils.py:87} INFO - Sending the signal 15 to group 190
[2025-09-13T13:20:27.302+0000] {taskinstance.py:2611} ERROR - Received SIGTERM. Terminating subprocesses.
[2025-09-13T13:20:27.483+0000] {logging_mixin.py:188} WARNING - /home/***/.local/lib/python3.11/site-packages/pyspark/context.py:657 RuntimeWarning: Unable to cleanly shutdown Spark JVM process. It is possible that the process has crashed, been killed or may also be in a zombie state.
[2025-09-13T13:20:27.563+0000] {taskinstance.py:441} INFO - ::group::Post task execution logs
[2025-09-13T13:20:27.565+0000] {taskinstance.py:2905} ERROR - Task failed with exception
Traceback (most recent call last):
  File "/opt/airflow/repo/spark_pipeline/procesamiento_spark.py", line 187, in procesar
    df = union_datasets(spark)
         ^^^^^^^^^^^^^^^^^^^^^
  File "/opt/airflow/repo/spark_pipeline/procesamiento_spark.py", line 124, in union_datasets
    "defense": spark.read.option("header", True).csv(str(DATA/ "defense.csv")),
               ^^^^^^^^^^^^^^^^^^^^^^^^^^^^^^^^^^^^^^^^^^^^^^^^^^^^^^^^^^^^^^^
  File "/home/airflow/.local/lib/python3.11/site-packages/pyspark/sql/readwriter.py", line 740, in csv
    return self._df(self._jreader.csv(self._spark._sc._jvm.PythonUtils.toSeq(path)))
                    ^^^^^^^^^^^^^^^^^^^^^^^^^^^^^^^^^^^^^^^^^^^^^^^^^^^^^^^^^^^^^^^
  File "/home/airflow/.local/lib/python3.11/site-packages/py4j/java_gateway.py", line 1321, in __call__
    answer = self.gateway_client.send_command(command)
             ^^^^^^^^^^^^^^^^^^^^^^^^^^^^^^^^^^^^^^^^^
  File "/home/airflow/.local/lib/python3.11/site-packages/py4j/java_gateway.py", line 1038, in send_command
    response = connection.send_command(command)
               ^^^^^^^^^^^^^^^^^^^^^^^^^^^^^^^^
  File "/home/airflow/.local/lib/python3.11/site-packages/py4j/clientserver.py", line 511, in send_command
    answer = smart_decode(self.stream.readline()[:-1])
                          ^^^^^^^^^^^^^^^^^^^^^^
  File "/usr/local/lib/python3.11/socket.py", line 706, in readinto
    return self._sock.recv_into(b)
           ^^^^^^^^^^^^^^^^^^^^^^^
  File "/home/airflow/.local/lib/python3.11/site-packages/airflow/models/taskinstance.py", line 2613, in signal_handler
    raise AirflowTaskTerminated("Task received SIGTERM signal")
airflow.exceptions.AirflowTaskTerminated: Task received SIGTERM signal

During handling of the above exception, another exception occurred:

Traceback (most recent call last):
  File "/home/airflow/.local/lib/python3.11/site-packages/airflow/models/taskinstance.py", line 465, in _execute_task
    result = _execute_callable(context=context, **execute_callable_kwargs)
             ^^^^^^^^^^^^^^^^^^^^^^^^^^^^^^^^^^^^^^^^^^^^^^^^^^^^^^^^^^^^^
  File "/home/airflow/.local/lib/python3.11/site-packages/airflow/models/taskinstance.py", line 432, in _execute_callable
    return execute_callable(context=context, **execute_callable_kwargs)
           ^^^^^^^^^^^^^^^^^^^^^^^^^^^^^^^^^^^^^^^^^^^^^^^^^^^^^^^^^^^^
  File "/home/airflow/.local/lib/python3.11/site-packages/airflow/models/baseoperator.py", line 401, in wrapper
    return func(self, *args, **kwargs)
           ^^^^^^^^^^^^^^^^^^^^^^^^^^^
  File "/home/airflow/.local/lib/python3.11/site-packages/airflow/decorators/base.py", line 265, in execute
    return_value = super().execute(context)
                   ^^^^^^^^^^^^^^^^^^^^^^^^
  File "/home/airflow/.local/lib/python3.11/site-packages/airflow/models/baseoperator.py", line 401, in wrapper
    return func(self, *args, **kwargs)
           ^^^^^^^^^^^^^^^^^^^^^^^^^^^
  File "/home/airflow/.local/lib/python3.11/site-packages/airflow/operators/python.py", line 235, in execute
    return_value = self.execute_callable()
                   ^^^^^^^^^^^^^^^^^^^^^^^
  File "/home/airflow/.local/lib/python3.11/site-packages/airflow/operators/python.py", line 252, in execute_callable
    return self.python_callable(*self.op_args, **self.op_kwargs)
           ^^^^^^^^^^^^^^^^^^^^^^^^^^^^^^^^^^^^^^^^^^^^^^^^^^^^^
  File "/opt/airflow/dags/tfm_market_value_dag.py", line 81, in merge
    return spark_merge_and_convert()
           ^^^^^^^^^^^^^^^^^^^^^^^^^
  File "/opt/airflow/repo/scripts/pipeline_api.py", line 37, in spark_merge_and_convert
    return procesar()
           ^^^^^^^^^^
  File "/opt/airflow/repo/spark_pipeline/procesamiento_spark.py", line 201, in procesar
    spark.stop()
  File "/home/airflow/.local/lib/python3.11/site-packages/pyspark/sql/session.py", line 1799, in stop
    self._jvm.SparkSession.clearDefaultSession()
  File "/home/airflow/.local/lib/python3.11/site-packages/py4j/java_gateway.py", line 1587, in __call__
    return_value = get_return_value(
                   ^^^^^^^^^^^^^^^^^
  File "/home/airflow/.local/lib/python3.11/site-packages/pyspark/errors/exceptions/captured.py", line 179, in deco
    return f(*a, **kw)
           ^^^^^^^^^^^
  File "/home/airflow/.local/lib/python3.11/site-packages/py4j/protocol.py", line 342, in get_return_value
    return OUTPUT_CONVERTER[type](answer[2:], gateway_client)
           ~~~~~~~~~~~~~~~~^^^^^^
KeyError: 'p'
[2025-09-13T13:20:27.642+0000] {taskinstance.py:1206} INFO - Marking task as FAILED. dag_id=tfm_weekly_pipeline, task_id=merge, run_id=__***_temporary_run_2025-09-13T13:19:49.187661+00:00__, execution_date=20250913T010000, start_date=20250913T132006, end_date=20250913T132027
[2025-09-13T13:20:27.683+0000] {standard_task_runner.py:110} ERROR - Failed to execute job 111 for task merge ((psycopg2.errors.ForeignKeyViolation) insert or update on table "task_fail" violates foreign key constraint "task_fail_ti_fkey"
DETAIL:  Key (dag_id, task_id, run_id, map_index)=(tfm_weekly_pipeline, merge, __airflow_temporary_run_2025-09-13T13:19:49.187661+00:00__, -1) is not present in table "task_instance".

[SQL: INSERT INTO task_fail (task_id, dag_id, run_id, map_index, start_date, end_date, duration) VALUES (%(task_id)s, %(dag_id)s, %(run_id)s, %(map_index)s, %(start_date)s, %(end_date)s, %(duration)s) RETURNING task_fail.id]
[parameters: {'task_id': 'merge', 'dag_id': 'tfm_weekly_pipeline', 'run_id': '__airflow_temporary_run_2025-09-13T13:19:49.187661+00:00__', 'map_index': -1, 'start_date': datetime.datetime(2025, 9, 13, 13, 20, 6, 951252, tzinfo=Timezone('UTC')), 'end_date': datetime.datetime(2025, 9, 13, 13, 20, 27, 640365, tzinfo=Timezone('UTC')), 'duration': 20}]
(Background on this error at: https://sqlalche.me/e/14/gkpj); 190)
[2025-09-13T13:20:27.821+0000] {process_utils.py:80} INFO - Process psutil.Process(pid=190, status='terminated', exitcode=1, started='13:20:06') (190) terminated with exit code 1
[2025-09-13T13:20:28.166+0000] {process_utils.py:80} INFO - Process psutil.Process(pid=193, status='terminated', started='13:20:06') (193) terminated with exit code None
