[2025-09-16T17:24:21.207+0000] {local_task_job_runner.py:120} INFO - ::group::Pre task execution logs
[2025-09-16T17:24:21.260+0000] {taskinstance.py:2076} INFO - Dependencies all met for dep_context=non-requeueable deps ti=<TaskInstance: tfm_weekly_pipeline.merge__1 __airflow_temporary_run_2025-09-16T17:11:06.238636+00:00__ [queued]>
[2025-09-16T17:24:21.276+0000] {taskinstance.py:2076} INFO - Dependencies all met for dep_context=requeueable deps ti=<TaskInstance: tfm_weekly_pipeline.merge__1 __airflow_temporary_run_2025-09-16T17:11:06.238636+00:00__ [queued]>
[2025-09-16T17:24:21.277+0000] {taskinstance.py:2306} INFO - Starting attempt 2 of 2
[2025-09-16T17:24:21.299+0000] {taskinstance.py:2330} INFO - Executing <Task(_PythonDecoratedOperator): merge__1> on 2025-09-15 01:00:00+00:00
[2025-09-16T17:24:21.308+0000] {standard_task_runner.py:63} INFO - Started process 187 to run task
[2025-09-16T17:24:21.314+0000] {standard_task_runner.py:90} INFO - Running: ['***', 'tasks', 'run', 'tfm_weekly_pipeline', 'merge__1', '__***_temporary_run_2025-09-16T17:11:06.238636+00:00__', '--job-id', '140', '--raw', '--subdir', 'DAGS_FOLDER/tfm_market_value_dag.py', '--cfg-path', '/tmp/tmp7cxu1kyk']
[2025-09-16T17:24:21.320+0000] {standard_task_runner.py:91} INFO - Job 140: Subtask merge__1
[2025-09-16T17:24:21.415+0000] {task_command.py:426} INFO - Running <TaskInstance: tfm_weekly_pipeline.merge__1 __airflow_temporary_run_2025-09-16T17:11:06.238636+00:00__ [running]> on host a59c97bfd00f
[2025-09-16T17:24:21.603+0000] {taskinstance.py:2648} INFO - Exporting env vars: AIRFLOW_CTX_DAG_OWNER='tfm' AIRFLOW_CTX_DAG_ID='tfm_weekly_pipeline' AIRFLOW_CTX_TASK_ID='merge__1' AIRFLOW_CTX_EXECUTION_DATE='2025-09-15T01:00:00+00:00' AIRFLOW_CTX_TRY_NUMBER='2' AIRFLOW_CTX_DAG_RUN_ID='__***_temporary_run_2025-09-16T17:11:06.238636+00:00__'
[2025-09-16T17:24:21.605+0000] {taskinstance.py:430} INFO - ::endgroup::
[2025-09-16T17:24:28.064+0000] {logging_mixin.py:188} INFO - Uniendo los datasets...
[2025-09-16T17:24:31.304+0000] {taskinstance.py:441} INFO - ::group::Post task execution logs
[2025-09-16T17:24:31.306+0000] {taskinstance.py:2905} ERROR - Task failed with exception
Traceback (most recent call last):
  File "/home/airflow/.local/lib/python3.11/site-packages/airflow/models/taskinstance.py", line 465, in _execute_task
    result = _execute_callable(context=context, **execute_callable_kwargs)
             ^^^^^^^^^^^^^^^^^^^^^^^^^^^^^^^^^^^^^^^^^^^^^^^^^^^^^^^^^^^^^
  File "/home/airflow/.local/lib/python3.11/site-packages/airflow/models/taskinstance.py", line 432, in _execute_callable
    return execute_callable(context=context, **execute_callable_kwargs)
           ^^^^^^^^^^^^^^^^^^^^^^^^^^^^^^^^^^^^^^^^^^^^^^^^^^^^^^^^^^^^
  File "/home/airflow/.local/lib/python3.11/site-packages/airflow/models/baseoperator.py", line 401, in wrapper
    return func(self, *args, **kwargs)
           ^^^^^^^^^^^^^^^^^^^^^^^^^^^
  File "/home/airflow/.local/lib/python3.11/site-packages/airflow/decorators/base.py", line 265, in execute
    return_value = super().execute(context)
                   ^^^^^^^^^^^^^^^^^^^^^^^^
  File "/home/airflow/.local/lib/python3.11/site-packages/airflow/models/baseoperator.py", line 401, in wrapper
    return func(self, *args, **kwargs)
           ^^^^^^^^^^^^^^^^^^^^^^^^^^^
  File "/home/airflow/.local/lib/python3.11/site-packages/airflow/operators/python.py", line 235, in execute
    return_value = self.execute_callable()
                   ^^^^^^^^^^^^^^^^^^^^^^^
  File "/home/airflow/.local/lib/python3.11/site-packages/airflow/operators/python.py", line 252, in execute_callable
    return self.python_callable(*self.op_args, **self.op_kwargs)
           ^^^^^^^^^^^^^^^^^^^^^^^^^^^^^^^^^^^^^^^^^^^^^^^^^^^^^
  File "/opt/airflow/dags/tfm_market_value_dag.py", line 70, in merge
    return spark_merge_and_convert()
           ^^^^^^^^^^^^^^^^^^^^^^^^^
  File "/opt/airflow/repo/scripts/pipeline_api.py", line 29, in spark_merge_and_convert
    return procesar("", WORK_DIR)
           ^^^^^^^^^^^^^^^^^^^^^^
  File "/opt/airflow/repo/spark_pipeline/procesamiento_spark.py", line 193, in procesar
    df = union_datasets(spark, input)
         ^^^^^^^^^^^^^^^^^^^^^^^^^^^^
  File "/opt/airflow/repo/spark_pipeline/procesamiento_spark.py", line 124, in union_datasets
    "stats": spark.read.option("header", True).csv(str(dir/ "stats.csv")),
             ^^^^^^^^^^^^^^^^^^^^^^^^^^^^^^^^^^^^^^^^^^^^^^^^^^^^^^^^^^^^
  File "/home/airflow/.local/lib/python3.11/site-packages/pyspark/sql/readwriter.py", line 740, in csv
    return self._df(self._jreader.csv(self._spark._sc._jvm.PythonUtils.toSeq(path)))
                    ^^^^^^^^^^^^^^^^^^^^^^^^^^^^^^^^^^^^^^^^^^^^^^^^^^^^^^^^^^^^^^^
  File "/home/airflow/.local/lib/python3.11/site-packages/py4j/java_gateway.py", line 1322, in __call__
    return_value = get_return_value(
                   ^^^^^^^^^^^^^^^^^
  File "/home/airflow/.local/lib/python3.11/site-packages/pyspark/errors/exceptions/captured.py", line 185, in deco
    raise converted from None
pyspark.errors.exceptions.captured.AnalysisException: [PATH_NOT_FOUND] Path does not exist: file:/opt/airflow/stats.csv.
[2025-09-16T17:24:31.354+0000] {taskinstance.py:1206} INFO - Marking task as FAILED. dag_id=tfm_weekly_pipeline, task_id=merge__1, run_id=__***_temporary_run_2025-09-16T17:11:06.238636+00:00__, execution_date=20250915T010000, start_date=20250916T172421, end_date=20250916T172431
[2025-09-16T17:24:31.382+0000] {standard_task_runner.py:110} ERROR - Failed to execute job 140 for task merge__1 ([PATH_NOT_FOUND] Path does not exist: file:/opt/airflow/stats.csv.; 187)
[2025-09-16T17:24:31.409+0000] {local_task_job_runner.py:240} INFO - Task exited with return code 1
[2025-09-16T17:24:31.463+0000] {taskinstance.py:3503} INFO - 0 downstream tasks scheduled from follow-on schedule check
[2025-09-16T17:24:31.471+0000] {local_task_job_runner.py:222} INFO - ::endgroup::
